19:39:39.838 [main] DEBUG o.m.spring.SqlSessionFactoryBean - Scanned package: 'com.if2c.kuaidi.entity' for aliases
19:39:39.840 [main] DEBUG o.m.spring.SqlSessionFactoryBean - Registered type alias: 'class org.springframework.util.LinkedCaseInsensitiveMap'
19:39:39.934 [main] DEBUG o.m.spring.SqlSessionFactoryBean - Parsed configuration file: 'class path resource [mybatis-config.xml]'
19:41:59.416 [main] DEBUG o.m.spring.SqlSessionFactoryBean - Scanned package: 'com.if2c.kuaidi.entity' for aliases
19:41:59.417 [main] DEBUG o.m.spring.SqlSessionFactoryBean - Registered type alias: 'class org.springframework.util.LinkedCaseInsensitiveMap'
19:41:59.458 [main] DEBUG o.m.spring.SqlSessionFactoryBean - Parsed configuration file: 'class path resource [mybatis-config.xml]'
19:43:07.992 [main] DEBUG o.m.spring.SqlSessionFactoryBean - Scanned package: 'com.if2c.kuaidi.entity' for aliases
19:43:07.995 [main] DEBUG o.m.spring.SqlSessionFactoryBean - Registered type alias: 'class org.springframework.util.LinkedCaseInsensitiveMap'
19:43:08.042 [main] DEBUG o.m.spring.SqlSessionFactoryBean - Parsed configuration file: 'class path resource [mybatis-config.xml]'
19:43:08.338 [main] DEBUG o.m.spring.SqlSessionFactoryBean - Property 'mapperLocations' was not specified or no matching resources found
19:51:40.549 [main] DEBUG o.m.spring.SqlSessionFactoryBean - Scanned package: 'com.if2c.kuaidi.entity' for aliases
19:51:40.551 [main] DEBUG o.m.spring.SqlSessionFactoryBean - Registered type alias: 'class org.springframework.util.LinkedCaseInsensitiveMap'
19:51:40.590 [main] DEBUG o.m.spring.SqlSessionFactoryBean - Parsed configuration file: 'class path resource [mybatis-config.xml]'
19:51:40.849 [main] DEBUG o.m.spring.SqlSessionFactoryBean - Property 'mapperLocations' was not specified or no matching resources found
19:52:00.616 [http-8080-1] ERROR 500.jsp - Error creating bean with name 'org.springframework.web.servlet.mvc.method.annotation.RequestMappingHandlerMapping#0': Invocation of init method failed; nested exception is java.lang.IllegalStateException: Ambiguous mapping found. Cannot map 'userController' bean method 
public java.lang.String com.if2c.kuaidi.web.UserController.listView()
to {[],methods=[],params=[],headers=[],consumes=[],produces=[],custom=[]}: There is already 'callbackController' bean method
public java.lang.String com.if2c.kuaidi.web.CallbackController.listView() mapped.
org.springframework.beans.factory.BeanCreationException: Error creating bean with name 'org.springframework.web.servlet.mvc.method.annotation.RequestMappingHandlerMapping#0': Invocation of init method failed; nested exception is java.lang.IllegalStateException: Ambiguous mapping found. Cannot map 'userController' bean method 
public java.lang.String com.if2c.kuaidi.web.UserController.listView()
to {[],methods=[],params=[],headers=[],consumes=[],produces=[],custom=[]}: There is already 'callbackController' bean method
public java.lang.String com.if2c.kuaidi.web.CallbackController.listView() mapped.
	at org.springframework.beans.factory.support.AbstractAutowireCapableBeanFactory.initializeBean(AbstractAutowireCapableBeanFactory.java:1488) ~[spring-beans-3.2.2.RELEASE.jar:3.2.2.RELEASE]
	at org.springframework.beans.factory.support.AbstractAutowireCapableBeanFactory.doCreateBean(AbstractAutowireCapableBeanFactory.java:524) ~[spring-beans-3.2.2.RELEASE.jar:3.2.2.RELEASE]
	at org.springframework.beans.factory.support.AbstractAutowireCapableBeanFactory.createBean(AbstractAutowireCapableBeanFactory.java:461) ~[spring-beans-3.2.2.RELEASE.jar:3.2.2.RELEASE]
	at org.springframework.beans.factory.support.AbstractBeanFactory$1.getObject(AbstractBeanFactory.java:295) ~[spring-beans-3.2.2.RELEASE.jar:3.2.2.RELEASE]
	at org.springframework.beans.factory.support.DefaultSingletonBeanRegistry.getSingleton(DefaultSingletonBeanRegistry.java:223) ~[spring-beans-3.2.2.RELEASE.jar:3.2.2.RELEASE]
	at org.springframework.beans.factory.support.AbstractBeanFactory.doGetBean(AbstractBeanFactory.java:292) ~[spring-beans-3.2.2.RELEASE.jar:3.2.2.RELEASE]
	at org.springframework.beans.factory.support.AbstractBeanFactory.getBean(AbstractBeanFactory.java:194) ~[spring-beans-3.2.2.RELEASE.jar:3.2.2.RELEASE]
	at org.springframework.beans.factory.support.DefaultListableBeanFactory.preInstantiateSingletons(DefaultListableBeanFactory.java:626) ~[spring-beans-3.2.2.RELEASE.jar:3.2.2.RELEASE]
	at org.springframework.context.support.AbstractApplicationContext.finishBeanFactoryInitialization(AbstractApplicationContext.java:932) ~[spring-context-3.2.2.RELEASE.jar:3.2.2.RELEASE]
	at org.springframework.context.support.AbstractApplicationContext.refresh(AbstractApplicationContext.java:479) ~[spring-context-3.2.2.RELEASE.jar:3.2.2.RELEASE]
	at org.springframework.web.servlet.FrameworkServlet.configureAndRefreshWebApplicationContext(FrameworkServlet.java:651) ~[spring-webmvc-3.2.2.RELEASE.jar:3.2.2.RELEASE]
	at org.springframework.web.servlet.FrameworkServlet.createWebApplicationContext(FrameworkServlet.java:599) ~[spring-webmvc-3.2.2.RELEASE.jar:3.2.2.RELEASE]
	at org.springframework.web.servlet.FrameworkServlet.createWebApplicationContext(FrameworkServlet.java:665) ~[spring-webmvc-3.2.2.RELEASE.jar:3.2.2.RELEASE]
	at org.springframework.web.servlet.FrameworkServlet.initWebApplicationContext(FrameworkServlet.java:518) ~[spring-webmvc-3.2.2.RELEASE.jar:3.2.2.RELEASE]
	at org.springframework.web.servlet.FrameworkServlet.initServletBean(FrameworkServlet.java:459) ~[spring-webmvc-3.2.2.RELEASE.jar:3.2.2.RELEASE]
	at org.springframework.web.servlet.HttpServletBean.init(HttpServletBean.java:136) ~[spring-webmvc-3.2.2.RELEASE.jar:3.2.2.RELEASE]
	at javax.servlet.GenericServlet.init(GenericServlet.java:212) ~[servlet-api-6.0.29.jar:2.5.MR2]
	at org.apache.catalina.core.StandardWrapper.loadServlet(StandardWrapper.java:1173) ~[catalina-6.0.29.jar:6.0.29]
	at org.apache.catalina.core.StandardWrapper.allocate(StandardWrapper.java:809) ~[catalina-6.0.29.jar:6.0.29]
	at org.apache.catalina.core.StandardWrapperValve.invoke(StandardWrapperValve.java:129) ~[catalina-6.0.29.jar:6.0.29]
	at org.apache.catalina.core.StandardContextValve.invoke(StandardContextValve.java:191) ~[catalina-6.0.29.jar:6.0.29]
	at org.apache.catalina.core.StandardHostValve.invoke(StandardHostValve.java:127) ~[catalina-6.0.29.jar:6.0.29]
	at org.apache.catalina.valves.ErrorReportValve.invoke(ErrorReportValve.java:102) [catalina-6.0.29.jar:6.0.29]
	at org.apache.catalina.core.StandardEngineValve.invoke(StandardEngineValve.java:109) [catalina-6.0.29.jar:6.0.29]
	at org.apache.catalina.connector.CoyoteAdapter.service(CoyoteAdapter.java:298) [catalina-6.0.29.jar:6.0.29]
	at org.apache.coyote.http11.Http11Processor.process(Http11Processor.java:857) [coyote-6.0.29.jar:6.0.29]
	at org.apache.coyote.http11.Http11Protocol$Http11ConnectionHandler.process(Http11Protocol.java:588) [coyote-6.0.29.jar:6.0.29]
	at org.apache.tomcat.util.net.JIoEndpoint$Worker.run(JIoEndpoint.java:489) [coyote-6.0.29.jar:6.0.29]
	at java.lang.Thread.run(Thread.java:722) [na:1.7.0_21]
Caused by: java.lang.IllegalStateException: Ambiguous mapping found. Cannot map 'userController' bean method 
public java.lang.String com.if2c.kuaidi.web.UserController.listView()
to {[],methods=[],params=[],headers=[],consumes=[],produces=[],custom=[]}: There is already 'callbackController' bean method
public java.lang.String com.if2c.kuaidi.web.CallbackController.listView() mapped.
	at org.springframework.web.servlet.handler.AbstractHandlerMethodMapping.registerHandlerMethod(AbstractHandlerMethodMapping.java:178) ~[spring-webmvc-3.2.2.RELEASE.jar:3.2.2.RELEASE]
	at org.springframework.web.servlet.handler.AbstractHandlerMethodMapping.detectHandlerMethods(AbstractHandlerMethodMapping.java:152) ~[spring-webmvc-3.2.2.RELEASE.jar:3.2.2.RELEASE]
	at org.springframework.web.servlet.handler.AbstractHandlerMethodMapping.initHandlerMethods(AbstractHandlerMethodMapping.java:114) ~[spring-webmvc-3.2.2.RELEASE.jar:3.2.2.RELEASE]
	at org.springframework.web.servlet.handler.AbstractHandlerMethodMapping.afterPropertiesSet(AbstractHandlerMethodMapping.java:94) ~[spring-webmvc-3.2.2.RELEASE.jar:3.2.2.RELEASE]
	at org.springframework.web.servlet.mvc.method.annotation.RequestMappingHandlerMapping.afterPropertiesSet(RequestMappingHandlerMapping.java:163) ~[spring-webmvc-3.2.2.RELEASE.jar:3.2.2.RELEASE]
	at org.springframework.beans.factory.support.AbstractAutowireCapableBeanFactory.invokeInitMethods(AbstractAutowireCapableBeanFactory.java:1547) ~[spring-beans-3.2.2.RELEASE.jar:3.2.2.RELEASE]
	at org.springframework.beans.factory.support.AbstractAutowireCapableBeanFactory.initializeBean(AbstractAutowireCapableBeanFactory.java:1485) ~[spring-beans-3.2.2.RELEASE.jar:3.2.2.RELEASE]
	... 28 common frames omitted
19:52:06.096 [http-8080-2] ERROR 500.jsp - Error creating bean with name 'org.springframework.web.servlet.mvc.method.annotation.RequestMappingHandlerMapping#0': Invocation of init method failed; nested exception is java.lang.IllegalStateException: Ambiguous mapping found. Cannot map 'userController' bean method 
public java.lang.String com.if2c.kuaidi.web.UserController.listView()
to {[],methods=[],params=[],headers=[],consumes=[],produces=[],custom=[]}: There is already 'callbackController' bean method
public java.lang.String com.if2c.kuaidi.web.CallbackController.listView() mapped.
org.springframework.beans.factory.BeanCreationException: Error creating bean with name 'org.springframework.web.servlet.mvc.method.annotation.RequestMappingHandlerMapping#0': Invocation of init method failed; nested exception is java.lang.IllegalStateException: Ambiguous mapping found. Cannot map 'userController' bean method 
public java.lang.String com.if2c.kuaidi.web.UserController.listView()
to {[],methods=[],params=[],headers=[],consumes=[],produces=[],custom=[]}: There is already 'callbackController' bean method
public java.lang.String com.if2c.kuaidi.web.CallbackController.listView() mapped.
	at org.springframework.beans.factory.support.AbstractAutowireCapableBeanFactory.initializeBean(AbstractAutowireCapableBeanFactory.java:1488) ~[spring-beans-3.2.2.RELEASE.jar:3.2.2.RELEASE]
	at org.springframework.beans.factory.support.AbstractAutowireCapableBeanFactory.doCreateBean(AbstractAutowireCapableBeanFactory.java:524) ~[spring-beans-3.2.2.RELEASE.jar:3.2.2.RELEASE]
	at org.springframework.beans.factory.support.AbstractAutowireCapableBeanFactory.createBean(AbstractAutowireCapableBeanFactory.java:461) ~[spring-beans-3.2.2.RELEASE.jar:3.2.2.RELEASE]
	at org.springframework.beans.factory.support.AbstractBeanFactory$1.getObject(AbstractBeanFactory.java:295) ~[spring-beans-3.2.2.RELEASE.jar:3.2.2.RELEASE]
	at org.springframework.beans.factory.support.DefaultSingletonBeanRegistry.getSingleton(DefaultSingletonBeanRegistry.java:223) ~[spring-beans-3.2.2.RELEASE.jar:3.2.2.RELEASE]
	at org.springframework.beans.factory.support.AbstractBeanFactory.doGetBean(AbstractBeanFactory.java:292) ~[spring-beans-3.2.2.RELEASE.jar:3.2.2.RELEASE]
	at org.springframework.beans.factory.support.AbstractBeanFactory.getBean(AbstractBeanFactory.java:194) ~[spring-beans-3.2.2.RELEASE.jar:3.2.2.RELEASE]
	at org.springframework.beans.factory.support.DefaultListableBeanFactory.preInstantiateSingletons(DefaultListableBeanFactory.java:626) ~[spring-beans-3.2.2.RELEASE.jar:3.2.2.RELEASE]
	at org.springframework.context.support.AbstractApplicationContext.finishBeanFactoryInitialization(AbstractApplicationContext.java:932) ~[spring-context-3.2.2.RELEASE.jar:3.2.2.RELEASE]
	at org.springframework.context.support.AbstractApplicationContext.refresh(AbstractApplicationContext.java:479) ~[spring-context-3.2.2.RELEASE.jar:3.2.2.RELEASE]
	at org.springframework.web.servlet.FrameworkServlet.configureAndRefreshWebApplicationContext(FrameworkServlet.java:651) ~[spring-webmvc-3.2.2.RELEASE.jar:3.2.2.RELEASE]
	at org.springframework.web.servlet.FrameworkServlet.createWebApplicationContext(FrameworkServlet.java:599) ~[spring-webmvc-3.2.2.RELEASE.jar:3.2.2.RELEASE]
	at org.springframework.web.servlet.FrameworkServlet.createWebApplicationContext(FrameworkServlet.java:665) ~[spring-webmvc-3.2.2.RELEASE.jar:3.2.2.RELEASE]
	at org.springframework.web.servlet.FrameworkServlet.initWebApplicationContext(FrameworkServlet.java:518) ~[spring-webmvc-3.2.2.RELEASE.jar:3.2.2.RELEASE]
	at org.springframework.web.servlet.FrameworkServlet.initServletBean(FrameworkServlet.java:459) ~[spring-webmvc-3.2.2.RELEASE.jar:3.2.2.RELEASE]
	at org.springframework.web.servlet.HttpServletBean.init(HttpServletBean.java:136) ~[spring-webmvc-3.2.2.RELEASE.jar:3.2.2.RELEASE]
	at javax.servlet.GenericServlet.init(GenericServlet.java:212) ~[servlet-api-6.0.29.jar:2.5.MR2]
	at org.apache.catalina.core.StandardWrapper.loadServlet(StandardWrapper.java:1173) ~[catalina-6.0.29.jar:6.0.29]
	at org.apache.catalina.core.StandardWrapper.allocate(StandardWrapper.java:809) ~[catalina-6.0.29.jar:6.0.29]
	at org.apache.catalina.core.StandardWrapperValve.invoke(StandardWrapperValve.java:129) ~[catalina-6.0.29.jar:6.0.29]
	at org.apache.catalina.core.StandardContextValve.invoke(StandardContextValve.java:191) ~[catalina-6.0.29.jar:6.0.29]
	at org.apache.catalina.core.StandardHostValve.invoke(StandardHostValve.java:127) ~[catalina-6.0.29.jar:6.0.29]
	at org.apache.catalina.valves.ErrorReportValve.invoke(ErrorReportValve.java:102) [catalina-6.0.29.jar:6.0.29]
	at org.apache.catalina.core.StandardEngineValve.invoke(StandardEngineValve.java:109) [catalina-6.0.29.jar:6.0.29]
	at org.apache.catalina.connector.CoyoteAdapter.service(CoyoteAdapter.java:298) [catalina-6.0.29.jar:6.0.29]
	at org.apache.coyote.http11.Http11Processor.process(Http11Processor.java:857) [coyote-6.0.29.jar:6.0.29]
	at org.apache.coyote.http11.Http11Protocol$Http11ConnectionHandler.process(Http11Protocol.java:588) [coyote-6.0.29.jar:6.0.29]
	at org.apache.tomcat.util.net.JIoEndpoint$Worker.run(JIoEndpoint.java:489) [coyote-6.0.29.jar:6.0.29]
	at java.lang.Thread.run(Thread.java:722) [na:1.7.0_21]
Caused by: java.lang.IllegalStateException: Ambiguous mapping found. Cannot map 'userController' bean method 
public java.lang.String com.if2c.kuaidi.web.UserController.listView()
to {[],methods=[],params=[],headers=[],consumes=[],produces=[],custom=[]}: There is already 'callbackController' bean method
public java.lang.String com.if2c.kuaidi.web.CallbackController.listView() mapped.
	at org.springframework.web.servlet.handler.AbstractHandlerMethodMapping.registerHandlerMethod(AbstractHandlerMethodMapping.java:178) ~[spring-webmvc-3.2.2.RELEASE.jar:3.2.2.RELEASE]
	at org.springframework.web.servlet.handler.AbstractHandlerMethodMapping.detectHandlerMethods(AbstractHandlerMethodMapping.java:152) ~[spring-webmvc-3.2.2.RELEASE.jar:3.2.2.RELEASE]
	at org.springframework.web.servlet.handler.AbstractHandlerMethodMapping.initHandlerMethods(AbstractHandlerMethodMapping.java:114) ~[spring-webmvc-3.2.2.RELEASE.jar:3.2.2.RELEASE]
	at org.springframework.web.servlet.handler.AbstractHandlerMethodMapping.afterPropertiesSet(AbstractHandlerMethodMapping.java:94) ~[spring-webmvc-3.2.2.RELEASE.jar:3.2.2.RELEASE]
	at org.springframework.web.servlet.mvc.method.annotation.RequestMappingHandlerMapping.afterPropertiesSet(RequestMappingHandlerMapping.java:163) ~[spring-webmvc-3.2.2.RELEASE.jar:3.2.2.RELEASE]
	at org.springframework.beans.factory.support.AbstractAutowireCapableBeanFactory.invokeInitMethods(AbstractAutowireCapableBeanFactory.java:1547) ~[spring-beans-3.2.2.RELEASE.jar:3.2.2.RELEASE]
	at org.springframework.beans.factory.support.AbstractAutowireCapableBeanFactory.initializeBean(AbstractAutowireCapableBeanFactory.java:1485) ~[spring-beans-3.2.2.RELEASE.jar:3.2.2.RELEASE]
	... 28 common frames omitted
19:54:08.102 [main] DEBUG o.m.spring.SqlSessionFactoryBean - Scanned package: 'com.if2c.kuaidi.entity' for aliases
19:54:08.104 [main] DEBUG o.m.spring.SqlSessionFactoryBean - Registered type alias: 'class org.springframework.util.LinkedCaseInsensitiveMap'
19:54:08.141 [main] DEBUG o.m.spring.SqlSessionFactoryBean - Parsed configuration file: 'class path resource [mybatis-config.xml]'
19:54:08.406 [main] DEBUG o.m.spring.SqlSessionFactoryBean - Property 'mapperLocations' was not specified or no matching resources found
19:54:48.444 [main] DEBUG o.m.spring.SqlSessionFactoryBean - Scanned package: 'com.if2c.kuaidi.entity' for aliases
19:54:48.446 [main] DEBUG o.m.spring.SqlSessionFactoryBean - Registered type alias: 'class org.springframework.util.LinkedCaseInsensitiveMap'
19:54:48.491 [main] DEBUG o.m.spring.SqlSessionFactoryBean - Parsed configuration file: 'class path resource [mybatis-config.xml]'
19:54:48.755 [main] DEBUG o.m.spring.SqlSessionFactoryBean - Property 'mapperLocations' was not specified or no matching resources found
20:06:19.646 [main] DEBUG o.m.spring.SqlSessionFactoryBean - Scanned package: 'com.if2c.kuaidi.entity' for aliases
20:06:19.648 [main] DEBUG o.m.spring.SqlSessionFactoryBean - Registered type alias: 'class org.springframework.util.LinkedCaseInsensitiveMap'
20:06:19.695 [main] DEBUG o.m.spring.SqlSessionFactoryBean - Parsed configuration file: 'class path resource [mybatis-config.xml]'
20:06:19.957 [main] DEBUG o.m.spring.SqlSessionFactoryBean - Property 'mapperLocations' was not specified or no matching resources found
